INFO:root:Ran with args: (), and kwargs: {}
INFO:root:Ran with args: (), and kwargs: {}
INFO:root:Ran with args: ('Manju', 28), and kwargs: {}
INFO:root:Ran with args: ('Paavan', 27), and kwargs: {}
INFO:root:Ran with args: (), and kwargs: {}
INFO:root:Ran with args: (), and kwargs: {}
INFO:root:Ran with args: ('Manju', 28), and kwargs: {}
INFO:root:Ran with args: ('Paavan', 27), and kwargs: {}
INFO:root:Ran with args: (), and kwargs: {}
INFO:root:Ran with args: (), and kwargs: {}
INFO:root:Ran with args: ('Manju', 28), and kwargs: {}
INFO:root:Ran with args: ('Paavan', 27), and kwargs: {}
INFO:root:Ran with args: (), and kwargs: {}
INFO:root:Ran with args: (), and kwargs: {}
INFO:root:Ran with args: ('Manju', 28), and kwargs: {}
INFO:root:Ran with args: ('Paavan', 27), and kwargs: {}
INFO:root:Ran with args: (), and kwargs: {}
INFO:root:Ran with args: (), and kwargs: {}
INFO:root:Ran with args: (), and kwargs: {}
INFO:root:Ran with args: (), and kwargs: {}
INFO:root:Ran with args: ('Manju', 28), and kwargs: {}
INFO:root:Ran with args: ('Paavan', 27), and kwargs: {}
INFO:root:Ran with args: ('Ashuuuu', 27), and kwargs: {}
INFO:root:Ran with args: ('Suhasini', 24), and kwargs: {}
