INFO: Created Employee: Paavan Gopala - Paavan.Gopala@email.com
INFO: Created Employee: Bhushan Gopala - Bhushan.Gopala@email.com
INFO: Created Employee: Ramakrishna Gopala - Ramakrishna.Gopala@email.com
INFO: Created Employee: Paavan Gopala - Paavan.Gopala@email.com
INFO: Created Employee: Bhushan Gopala - Bhushan.Gopala@email.com
INFO: Created Employee: Ramakrishna Gopala - Ramakrishna.Gopala@email.com
INFO: Created Employee: Paavan Gopala - Paavan.Gopala@email.com
INFO: Created Employee: Bhushan Gopala - Bhushan.Gopala@email.com
INFO: Created Employee: Ramakrishna Gopala - Ramakrishna.Gopala@email.com
INFO: Created Employee: Paavan Gopala - Paavan.Gopala@email.com
INFO: Created Employee: Bhushan Gopala - Bhushan.Gopala@email.com
INFO: Created Employee: Ramakrishna Gopala - Ramakrishna.Gopala@email.com
INFO: Created Employee: Paavan Gopala - Paavan.Gopala@email.com
INFO: Created Employee: Bhushan Gopala - Bhushan.Gopala@email.com
INFO: Created Employee: Ramakrishna Gopala - Ramakrishna.Gopala@email.com
INFO: Add: 20 + 10 = 30
INFO: Sub: 20 - 10 = 10
INFO: Mul: 20 * 10 = 200
INFO: Div: 20 / 10 = 2.0
INFO: Created Employee: Paavan Gopala - Paavan.Gopala@email.com
INFO: Created Employee: Bhushan Gopala - Bhushan.Gopala@email.com
INFO: Created Employee: Ramakrishna Gopala - Ramakrishna.Gopala@email.com
INFO: Add: 20 + 10 = 30
INFO: Sub: 20 - 10 = 10
INFO: Mul: 20 * 10 = 200
INFO: Div: 20 / 10 = 2.0
root: Created Employee: Paavan Gopala - Paavan.Gopala@email.com
root: Created Employee: Bhushan Gopala - Bhushan.Gopala@email.com
root: Created Employee: Ramakrishna Gopala - Ramakrishna.Gopala@email.com
root: Add: 20 + 10 = 30
root: Sub: 20 - 10 = 10
root: Mul: 20 * 10 = 200
root: Div: 20 / 10 = 2.0
root: Created Employee: Paavan Gopala - Paavan.Gopala@email.com
root: Created Employee: Bhushan Gopala - Bhushan.Gopala@email.com
root: Created Employee: Ramakrishna Gopala - Ramakrishna.Gopala@email.com
root: Add: 20 + 10 = 30
root: Sub: 20 - 10 = 10
root: Mul: 20 * 10 = 200
root: Div: 20 / 10 = 2.0
INFO: Created Employee: Paavan Gopala - Paavan.Gopala@email.com
INFO: Created Employee: Bhushan Gopala - Bhushan.Gopala@email.com
INFO: Created Employee: Ramakrishna Gopala - Ramakrishna.Gopala@email.com
INFO: Add: 20 + 10 = 30
INFO: Sub: 20 - 10 = 10
INFO: Mul: 20 * 10 = 200
INFO: Div: 20 / 10 = 2.0
root: INFO: Created Employee: Paavan Gopala - Paavan.Gopala@email.com
root: INFO: Created Employee: Bhushan Gopala - Bhushan.Gopala@email.com
root: INFO: Created Employee: Ramakrishna Gopala - Ramakrishna.Gopala@email.com
root: INFO: Add: 20 + 10 = 30
root: INFO: Sub: 20 - 10 = 10
root: INFO: Mul: 20 * 10 = 200
root: INFO: Div: 20 / 10 = 2.0
INFO: root: Created Employee: Paavan Gopala - Paavan.Gopala@email.com
INFO: root: Created Employee: Bhushan Gopala - Bhushan.Gopala@email.com
INFO: root: Created Employee: Ramakrishna Gopala - Ramakrishna.Gopala@email.com
INFO: root: Add: 20 + 10 = 30
INFO: root: Sub: 20 - 10 = 10
INFO: root: Mul: 20 * 10 = 200
INFO: root: Div: 20 / 10 = 2.0
