INFO: __main__: Created Employee: Paavan Gopala - Paavan.Gopala@email.com
INFO: __main__: Created Employee: Bhushan Gopala - Bhushan.Gopala@email.com
INFO: __main__: Created Employee: Ramakrishna Gopala - Ramakrishna.Gopala@email.com
INFO: employeelogs: Created Employee: Paavan Gopala - Paavan.Gopala@email.com
INFO: employeelogs: Created Employee: Bhushan Gopala - Bhushan.Gopala@email.com
INFO: employeelogs: Created Employee: Ramakrishna Gopala - Ramakrishna.Gopala@email.com
INFO: employeelogs: Created Employee: Paavan Gopala - Paavan.Gopala@email.com
INFO: employeelogs: Created Employee: Bhushan Gopala - Bhushan.Gopala@email.com
INFO: employeelogs: Created Employee: Ramakrishna Gopala - Ramakrishna.Gopala@email.com
INFO: employeelogs: Created Employee: Paavan Gopala - Paavan.Gopala@email.com
INFO: employeelogs: Created Employee: Bhushan Gopala - Bhushan.Gopala@email.com
INFO: employeelogs: Created Employee: Ramakrishna Gopala - Ramakrishna.Gopala@email.com
INFO: employeelogs: Created Employee: Paavan Gopala - Paavan.Gopala@email.com
INFO: employeelogs: Created Employee: Bhushan Gopala - Bhushan.Gopala@email.com
INFO: employeelogs: Created Employee: Ramakrishna Gopala - Ramakrishna.Gopala@email.com
INFO: employeelogs: Created Employee: Paavan Gopala - Paavan.Gopala@email.com
INFO: employeelogs: Created Employee: Bhushan Gopala - Bhushan.Gopala@email.com
INFO: employeelogs: Created Employee: Ramakrishna Gopala - Ramakrishna.Gopala@email.com
INFO: employeelogs: Created Employee: Paavan Gopala - Paavan.Gopala@email.com
INFO: employeelogs: Created Employee: Bhushan Gopala - Bhushan.Gopala@email.com
INFO: employeelogs: Created Employee: Ramakrishna Gopala - Ramakrishna.Gopala@email.com
INFO: employeelogs: Created Employee: Paavan Gopala - Paavan.Gopala@email.com
INFO: employeelogs: Created Employee: Bhushan Gopala - Bhushan.Gopala@email.com
INFO: employeelogs: Created Employee: Ramakrishna Gopala - Ramakrishna.Gopala@email.com
INFO: employeelogs: Created Employee: Paavan Gopala - Paavan.Gopala@email.com
INFO: employeelogs: Created Employee: Bhushan Gopala - Bhushan.Gopala@email.com
INFO: employeelogs: Created Employee: Ramakrishna Gopala - Ramakrishna.Gopala@email.com
INFO: employeelogs: Created Employee: Paavan Gopala - Paavan.Gopala@email.com
INFO: employeelogs: Created Employee: Bhushan Gopala - Bhushan.Gopala@email.com
INFO: employeelogs: Created Employee: Ramakrishna Gopala - Ramakrishna.Gopala@email.com
INFO: employeelogs: Created Employee: Paavan Gopala - Paavan.Gopala@email.com
INFO: employeelogs: Created Employee: Bhushan Gopala - Bhushan.Gopala@email.com
INFO: employeelogs: Created Employee: Ramakrishna Gopala - Ramakrishna.Gopala@email.com
